<?xml version="1.0" encoding="UTF-8"?>
<testng-results ignored="0" total="2" passed="0" failed="2" skipped="0">
  <reporter-output>
  </reporter-output>
  <suite started-at="2025-06-02T07:14:47 IST" name="Default suite" finished-at="2025-06-02T07:14:50 IST" duration-ms="3205">
    <groups>
      <group name="cucumber">
        <method signature="AbstractTestNGCucumberTests.runScenario(io.cucumber.testng.PickleWrapper,io.cucumber.testng.FeatureWrapper)[pri:0, instance:runner.TestRunner@46cdf8bd]" name="runScenario" class="io.cucumber.testng.AbstractTestNGCucumberTests"/>
      </group> <!-- cucumber -->
    </groups>
    <test started-at="2025-06-02T07:14:47 IST" name="Default test" finished-at="2025-06-02T07:14:50 IST" duration-ms="3205">
      <class name="runner.TestRunner">
        <test-method is-config="true" signature="setUpClass(org.testng.ITestContext)[pri:0, instance:runner.TestRunner@46cdf8bd]" started-at="2025-06-02T07:14:47 IST" name="setUpClass" finished-at="2025-06-02T07:14:47 IST" duration-ms="819" status="PASS">
          <params>
            <param index="0">
              <value>
                <![CDATA[org.testng.TestRunner@66813e6e]]>
              </value>
            </param>
          </params>
          <reporter-output>
          </reporter-output>
        </test-method> <!-- setUpClass -->
        <test-method signature="runScenario(io.cucumber.testng.PickleWrapper,io.cucumber.testng.FeatureWrapper)[pri:0, instance:runner.TestRunner@46cdf8bd]" started-at="2025-06-02T07:14:47 IST" name="runScenario" description="Runs Cucumber Scenarios" data-provider="scenarios" finished-at="2025-06-02T07:14:48 IST" duration-ms="254" status="FAIL">
          <params>
            <param index="0">
              <value>
                <![CDATA["login scenario test login in login page"]]>
              </value>
            </param>
            <param index="1">
              <value>
                <![CDATA["login scenario"]]>
              </value>
            </param>
          </params>
          <exception class="java.lang.NullPointerException">
            <message>
              <![CDATA[Cannot invoke "java.util.Properties.load(java.io.InputStream)" because "this.prop" is null]]>
            </message>
            <full-stacktrace>
              <![CDATA[java.lang.NullPointerException: Cannot invoke "java.util.Properties.load(java.io.InputStream)" because "this.prop" is null
at StepDefinitions.Hooks.setup(Hooks.java:30)
]]>
            </full-stacktrace>
          </exception> <!-- java.lang.NullPointerException -->
          <reporter-output>
          </reporter-output>
        </test-method> <!-- runScenario -->
        <test-method signature="runScenario(io.cucumber.testng.PickleWrapper,io.cucumber.testng.FeatureWrapper)[pri:0, instance:runner.TestRunner@46cdf8bd]" started-at="2025-06-02T07:14:48 IST" name="runScenario" description="Runs Cucumber Scenarios" data-provider="scenarios" finished-at="2025-06-02T07:14:48 IST" duration-ms="117" status="FAIL">
          <params>
            <param index="0">
              <value>
                <![CDATA["login scenario test login in login page"]]>
              </value>
            </param>
            <param index="1">
              <value>
                <![CDATA["login scenario"]]>
              </value>
            </param>
          </params>
          <exception class="java.lang.NullPointerException">
            <message>
              <![CDATA[Cannot invoke "java.util.Properties.load(java.io.InputStream)" because "this.prop" is null]]>
            </message>
            <full-stacktrace>
              <![CDATA[java.lang.NullPointerException: Cannot invoke "java.util.Properties.load(java.io.InputStream)" because "this.prop" is null
at StepDefinitions.Hooks.setup(Hooks.java:30)
]]>
            </full-stacktrace>
          </exception> <!-- java.lang.NullPointerException -->
          <reporter-output>
          </reporter-output>
        </test-method> <!-- runScenario -->
        <test-method is-config="true" signature="tearDownClass()[pri:0, instance:runner.TestRunner@46cdf8bd]" started-at="2025-06-02T07:14:48 IST" name="tearDownClass" finished-at="2025-06-02T07:14:50 IST" duration-ms="1978" status="PASS">
          <reporter-output>
          </reporter-output>
        </test-method> <!-- tearDownClass -->
      </class> <!-- runner.TestRunner -->
    </test> <!-- Default test -->
  </suite> <!-- Default suite -->
</testng-results>
